<?xml version="1.0" encoding="UTF-8"?>
<!-- Generated by org.testng.reporters.JUnitXMLReporter -->
<testsuite ignored="0" hostname="mslwnyn" failures="0" tests="4" name="Create Account: HomePage" time="82.642" errors="0" timestamp="10 Jan 2020 03:34:53 GMT">
  <testcase classname="za.co.tshimx.fnb.web.testcases.HomePageTest" name="homePage" time="0.955"/>
  <testcase classname="za.co.tshimx.fnb.web.testcases.HomePageTest" name="createAccount" time="5.258"/>
  <testcase classname="za.co.tshimx.fnb.web.testcases.HomePageTest" name="register" time="37.243"/>
  <testcase classname="za.co.tshimx.fnb.api.testcases.APITest" name="getAPITestMethod" time="21.236"/>
</testsuite> <!-- Create Account: HomePage -->
